[WARN ] 2020-12-19T06:38:03,711 [background-preinit] Jackson2ObjectMapperBuilder - For Jackson Kotlin classes support please add "com.fasterxml.jackson.module:jackson-module-kotlin" to the classpath
[INFO ] 2020-12-19T06:38:03,711 [main] Starter - Starting Starter on V6K6MM30AWSKQGY with PID 3592 (G:\HSBC\DigitalShell\clients\build\classes\java\main started by Administrator in G:\HSBC\DigitalShell\clients)
[INFO ] 2020-12-19T06:38:03,728 [main] Starter - No active profile set, falling back to default profiles: default
[INFO ] 2020-12-19T06:38:03,812 [main] AnnotationConfigServletWebServerApplicationContext - Refreshing org.springframework.boot.web.servlet.context.AnnotationConfigServletWebServerApplicationContext@4ebff610: startup date [Sat Dec 19 14:38:03 CST 2020]; root of context hierarchy
[INFO ] 2020-12-19T06:38:07,391 [main] TomcatWebServer - Tomcat initialized with port(s): 10059 (http)
[INFO ] 2020-12-19T06:38:07,410 [main] Http11NioProtocol - Initializing ProtocolHandler ["http-nio-10059"]
[INFO ] 2020-12-19T06:38:07,426 [main] StandardService - Starting service [Tomcat]
[INFO ] 2020-12-19T06:38:07,426 [main] StandardEngine - Starting Servlet Engine: Apache Tomcat/8.5.31
[INFO ] 2020-12-19T06:38:07,444 [localhost-startStop-1] AprLifecycleListener - The APR based Apache Tomcat Native library which allows optimal performance in production environments was not found on the java.library.path: [C:\Program Files\Java\jdk1.8.0_261\bin;C:\windows\Sun\Java\bin;C:\windows\system32;C:\windows;E:\Program Files\Java\jdk1.8.0_201\bin;E:\Program Files\Java\jdk1.8.0_201\jre\bin;C:\Program Files (x86)\Common Files\Oracle\Java\javapath;C:\windows\system32;C:\windows;C:\windows\System32\Wbem;C:\windows\System32\WindowsPowerShell\v1.0\;C:\Program Files (x86)\NVIDIA Corporation\PhysX\Common;E:\Program Files (x86)\IBM\SPSS\Statistics\JRE\bin;C:\Program Files\MySQL\MySQL Utilities 1.6\;C:\Program Files\MySQL\MySQL Server 5.7\bin;C:\Program Files\NVIDIA Corporation\NVIDIA NvDLISR;E:\Program Files\apache-maven-3.6.1\bin;E:\Go\bin;E:\Anaconda\envs\Python37\Scripts;E:\Program Files\phantomjs-2.1.1-windows\bin;E:\Anaconda\envs\Anaconda2\Lib\site-packages\graphlab;G:\sql server\110\DTS\Binn\;G:\sql server\sql server86\110\Tools\Binn\;G:\sql server\110\Tools\Binn\;G:\sql server\sql server86\110\Tools\Binn\ManagementStudio\;C:\Program Files (x86)\Microsoft Visual Studio 10.0\Common7\IDE\PrivateAssemblies\;G:\sql server\sql server86\110\DTS\Binn\;E:\Program Files\Git\cmd;E:\Anaconda\envs\Python37;E:\Anaconda\envs\Python37\Scripts\pip;E:\Program Files\PuTTY\;G:\Program Files\gradle-6.6\bin;E:\Program Files\nodejs\;C:\ProgramData\chocolatey\bin;C:\Program Files (x86)\Sennheiser\SenncomSDK\;C:\Users\Administrator\AppData\Local\Microsoft\WindowsApps;C:\Users\Administrator\go\bin;E:\Program Files\JetBrains\GoLand 2019.1\bin;;E:\Program Files\Boot2Docker for Windows;E:\Program Files\Docker Toolbox;F:\Program Files\texlive\2019\bin\win32;E:\Anaconda3\Library\bin;E:\Anaconda3;E:\Anaconda3\Scripts;E:\Program Files\JetBrains\PyCharm 2019.3.3\bin;;E:\Program Files\nodejs;E:\Users\Administrator\AppData\Local\Programs\Microsoft VS Code\bin;C:\Users\Administrator\AppData\Roaming\npm;.]
[INFO ] 2020-12-19T06:38:07,808 [localhost-startStop-1] [/] - Initializing Spring embedded WebApplicationContext
[INFO ] 2020-12-19T06:38:07,808 [localhost-startStop-1] ContextLoader - Root WebApplicationContext: initialization completed in 4000 ms
[INFO ] 2020-12-19T06:38:08,011 [localhost-startStop-1] ServletRegistrationBean - Servlet dispatcherServlet mapped to [/]
[INFO ] 2020-12-19T06:38:08,020 [localhost-startStop-1] FilterRegistrationBean - Mapping filter: 'characterEncodingFilter' to: [/*]
[INFO ] 2020-12-19T06:38:08,021 [localhost-startStop-1] FilterRegistrationBean - Mapping filter: 'hiddenHttpMethodFilter' to: [/*]
[INFO ] 2020-12-19T06:38:08,021 [localhost-startStop-1] FilterRegistrationBean - Mapping filter: 'httpPutFormContentFilter' to: [/*]
[INFO ] 2020-12-19T06:38:08,021 [localhost-startStop-1] FilterRegistrationBean - Mapping filter: 'requestContextFilter' to: [/*]
[INFO ] 2020-12-19T06:38:18,124 [main] RPCClient - Startup took 3228 msec
[INFO ] 2020-12-19T06:38:19,009 [main] SimpleUrlHandlerMapping - Mapped URL path [/**/favicon.ico] onto handler of type [class org.springframework.web.servlet.resource.ResourceHttpRequestHandler]
[INFO ] 2020-12-19T06:38:19,317 [main] RequestMappingHandlerAdapter - Looking for @ControllerAdvice: org.springframework.boot.web.servlet.context.AnnotationConfigServletWebServerApplicationContext@4ebff610: startup date [Sat Dec 19 14:38:03 CST 2020]; root of context hierarchy
[INFO ] 2020-12-19T06:38:19,490 [main] RequestMappingHandlerMapping - Mapped "{[/moveToken],methods=[GET],produces=[text/plain]}" onto public org.springframework.http.ResponseEntity<java.lang.String> com.template.webserver.Controller.MoveCurrencyTokenFlow(java.lang.String,int,java.lang.String,java.lang.String,java.lang.String)
[INFO ] 2020-12-19T06:38:19,492 [main] RequestMappingHandlerMapping - Mapped "{[/PickFood],methods=[GET],produces=[text/plain]}" onto public org.springframework.http.ResponseEntity<java.lang.String> com.template.webserver.Controller.MoveCurrencyTokenFlow(java.lang.String,java.lang.String,java.lang.String,java.lang.String)
[INFO ] 2020-12-19T06:38:19,493 [main] RequestMappingHandlerMapping - Mapped "{[/createToken],methods=[GET],produces=[text/plain]}" onto public org.springframework.http.ResponseEntity<java.lang.String> com.template.webserver.Controller.createCurrencyTokenFlow(int,java.lang.String,java.lang.String,int)
[INFO ] 2020-12-19T06:38:19,502 [main] RequestMappingHandlerMapping - Mapped "{[/error]}" onto public org.springframework.http.ResponseEntity<java.util.Map<java.lang.String, java.lang.Object>> org.springframework.boot.autoconfigure.web.servlet.error.BasicErrorController.error(javax.servlet.http.HttpServletRequest)
[INFO ] 2020-12-19T06:38:19,503 [main] RequestMappingHandlerMapping - Mapped "{[/error],produces=[text/html]}" onto public org.springframework.web.servlet.ModelAndView org.springframework.boot.autoconfigure.web.servlet.error.BasicErrorController.errorHtml(javax.servlet.http.HttpServletRequest,javax.servlet.http.HttpServletResponse)
[INFO ] 2020-12-19T06:38:19,609 [main] SimpleUrlHandlerMapping - Mapped URL path [/webjars/**] onto handler of type [class org.springframework.web.servlet.resource.ResourceHttpRequestHandler]
[INFO ] 2020-12-19T06:38:19,610 [main] SimpleUrlHandlerMapping - Mapped URL path [/**] onto handler of type [class org.springframework.web.servlet.resource.ResourceHttpRequestHandler]
[INFO ] 2020-12-19T06:38:19,907 [main] WelcomePageHandlerMapping - Adding welcome page: class path resource [static/index.html]
[INFO ] 2020-12-19T06:38:20,421 [main] AnnotationMBeanExporter - Registering beans for JMX exposure on startup
[INFO ] 2020-12-19T06:38:20,466 [main] Http11NioProtocol - Starting ProtocolHandler ["http-nio-10059"]
[INFO ] 2020-12-19T06:38:20,471 [main] NioSelectorPool - Using a shared selector for servlet write/read
[INFO ] 2020-12-19T06:38:20,537 [main] TomcatWebServer - Tomcat started on port(s): 10059 (http) with context path ''
[INFO ] 2020-12-19T06:38:20,549 [main] Starter - Started Starter in 18.26 seconds (JVM running for 19.804)
[INFO ] 2020-12-19T06:38:42,242 [http-nio-10059-exec-2] [/] - Initializing Spring FrameworkServlet 'dispatcherServlet'
[INFO ] 2020-12-19T06:38:42,243 [http-nio-10059-exec-2] DispatcherServlet - FrameworkServlet 'dispatcherServlet': initialization started
[INFO ] 2020-12-19T06:38:42,277 [http-nio-10059-exec-2] DispatcherServlet - FrameworkServlet 'dispatcherServlet': initialization completed in 33 ms
[WARN ] 2020-12-19T06:44:01,549 [Thread-9 (ActiveMQ-client-factory-threads-1185188034)] RPCClientProxyHandler - Terminating observables.
